mode: set
github.com/info344-s18/challenges-kwontae/servers/gateway/models/users/mysqlstore.go:13.44,18.2 2 1
github.com/info344-s18/challenges-kwontae/servers/gateway/models/users/mysqlstore.go:20.45,23.64 2 1
github.com/info344-s18/challenges-kwontae/servers/gateway/models/users/mysqlstore.go:26.2,26.19 1 1
github.com/info344-s18/challenges-kwontae/servers/gateway/models/users/mysqlstore.go:23.64,25.3 1 0
github.com/info344-s18/challenges-kwontae/servers/gateway/models/users/mysqlstore.go:29.55,31.16 2 1
github.com/info344-s18/challenges-kwontae/servers/gateway/models/users/mysqlstore.go:34.2,37.16 4 1
github.com/info344-s18/challenges-kwontae/servers/gateway/models/users/mysqlstore.go:40.2,40.35 1 1
github.com/info344-s18/challenges-kwontae/servers/gateway/models/users/mysqlstore.go:43.2,43.18 1 1
github.com/info344-s18/challenges-kwontae/servers/gateway/models/users/mysqlstore.go:31.16,33.3 1 1
github.com/info344-s18/challenges-kwontae/servers/gateway/models/users/mysqlstore.go:37.16,39.3 1 0
github.com/info344-s18/challenges-kwontae/servers/gateway/models/users/mysqlstore.go:40.35,42.3 1 0
github.com/info344-s18/challenges-kwontae/servers/gateway/models/users/mysqlstore.go:46.62,48.16 2 1
github.com/info344-s18/challenges-kwontae/servers/gateway/models/users/mysqlstore.go:51.2,54.16 4 1
github.com/info344-s18/challenges-kwontae/servers/gateway/models/users/mysqlstore.go:57.2,57.35 1 1
github.com/info344-s18/challenges-kwontae/servers/gateway/models/users/mysqlstore.go:60.2,60.18 1 1
github.com/info344-s18/challenges-kwontae/servers/gateway/models/users/mysqlstore.go:48.16,50.3 1 1
github.com/info344-s18/challenges-kwontae/servers/gateway/models/users/mysqlstore.go:54.16,56.3 1 0
github.com/info344-s18/challenges-kwontae/servers/gateway/models/users/mysqlstore.go:57.35,59.3 1 0
github.com/info344-s18/challenges-kwontae/servers/gateway/models/users/mysqlstore.go:63.68,65.16 2 1
github.com/info344-s18/challenges-kwontae/servers/gateway/models/users/mysqlstore.go:68.2,71.16 4 1
github.com/info344-s18/challenges-kwontae/servers/gateway/models/users/mysqlstore.go:74.2,74.35 1 1
github.com/info344-s18/challenges-kwontae/servers/gateway/models/users/mysqlstore.go:77.2,77.18 1 1
github.com/info344-s18/challenges-kwontae/servers/gateway/models/users/mysqlstore.go:65.16,67.3 1 1
github.com/info344-s18/challenges-kwontae/servers/gateway/models/users/mysqlstore.go:71.16,73.3 1 0
github.com/info344-s18/challenges-kwontae/servers/gateway/models/users/mysqlstore.go:74.35,76.3 1 0
github.com/info344-s18/challenges-kwontae/servers/gateway/models/users/mysqlstore.go:80.56,82.16 2 1
github.com/info344-s18/challenges-kwontae/servers/gateway/models/users/mysqlstore.go:85.2,88.16 4 1
github.com/info344-s18/challenges-kwontae/servers/gateway/models/users/mysqlstore.go:91.2,92.16 2 1
github.com/info344-s18/challenges-kwontae/servers/gateway/models/users/mysqlstore.go:95.2,96.35 2 1
github.com/info344-s18/challenges-kwontae/servers/gateway/models/users/mysqlstore.go:99.2,99.18 1 1
github.com/info344-s18/challenges-kwontae/servers/gateway/models/users/mysqlstore.go:82.16,84.3 1 1
github.com/info344-s18/challenges-kwontae/servers/gateway/models/users/mysqlstore.go:88.16,90.3 1 1
github.com/info344-s18/challenges-kwontae/servers/gateway/models/users/mysqlstore.go:92.16,94.3 1 0
github.com/info344-s18/challenges-kwontae/servers/gateway/models/users/mysqlstore.go:96.35,98.3 1 0
github.com/info344-s18/challenges-kwontae/servers/gateway/models/users/mysqlstore.go:102.72,104.16 2 1
github.com/info344-s18/challenges-kwontae/servers/gateway/models/users/mysqlstore.go:107.2,110.16 4 1
github.com/info344-s18/challenges-kwontae/servers/gateway/models/users/mysqlstore.go:113.2,114.16 2 1
github.com/info344-s18/challenges-kwontae/servers/gateway/models/users/mysqlstore.go:117.2,117.19 1 1
github.com/info344-s18/challenges-kwontae/servers/gateway/models/users/mysqlstore.go:120.2,120.35 1 1
github.com/info344-s18/challenges-kwontae/servers/gateway/models/users/mysqlstore.go:123.2,124.16 2 1
github.com/info344-s18/challenges-kwontae/servers/gateway/models/users/mysqlstore.go:127.2,127.18 1 1
github.com/info344-s18/challenges-kwontae/servers/gateway/models/users/mysqlstore.go:104.16,106.3 1 1
github.com/info344-s18/challenges-kwontae/servers/gateway/models/users/mysqlstore.go:110.16,112.3 1 1
github.com/info344-s18/challenges-kwontae/servers/gateway/models/users/mysqlstore.go:114.16,116.3 1 0
github.com/info344-s18/challenges-kwontae/servers/gateway/models/users/mysqlstore.go:117.19,119.3 1 0
github.com/info344-s18/challenges-kwontae/servers/gateway/models/users/mysqlstore.go:120.35,122.3 1 0
github.com/info344-s18/challenges-kwontae/servers/gateway/models/users/mysqlstore.go:124.16,126.3 1 0
github.com/info344-s18/challenges-kwontae/servers/gateway/models/users/mysqlstore.go:130.45,132.16 2 1
github.com/info344-s18/challenges-kwontae/servers/gateway/models/users/mysqlstore.go:135.2,138.16 4 1
github.com/info344-s18/challenges-kwontae/servers/gateway/models/users/mysqlstore.go:141.2,142.16 2 1
github.com/info344-s18/challenges-kwontae/servers/gateway/models/users/mysqlstore.go:145.2,145.19 1 1
github.com/info344-s18/challenges-kwontae/servers/gateway/models/users/mysqlstore.go:148.2,148.35 1 1
github.com/info344-s18/challenges-kwontae/servers/gateway/models/users/mysqlstore.go:151.2,151.12 1 1
github.com/info344-s18/challenges-kwontae/servers/gateway/models/users/mysqlstore.go:132.16,134.3 1 1
github.com/info344-s18/challenges-kwontae/servers/gateway/models/users/mysqlstore.go:138.16,140.3 1 1
github.com/info344-s18/challenges-kwontae/servers/gateway/models/users/mysqlstore.go:142.16,144.3 1 0
github.com/info344-s18/challenges-kwontae/servers/gateway/models/users/mysqlstore.go:145.19,147.3 1 0
github.com/info344-s18/challenges-kwontae/servers/gateway/models/users/mysqlstore.go:148.35,150.3 1 0
github.com/info344-s18/challenges-kwontae/servers/gateway/models/users/user.go:53.37,62.16 2 1
github.com/info344-s18/challenges-kwontae/servers/gateway/models/users/user.go:65.2,66.20 2 1
github.com/info344-s18/challenges-kwontae/servers/gateway/models/users/user.go:69.2,69.36 1 1
github.com/info344-s18/challenges-kwontae/servers/gateway/models/users/user.go:72.2,72.26 1 1
github.com/info344-s18/challenges-kwontae/servers/gateway/models/users/user.go:75.2,75.40 1 1
github.com/info344-s18/challenges-kwontae/servers/gateway/models/users/user.go:78.2,78.12 1 1
github.com/info344-s18/challenges-kwontae/servers/gateway/models/users/user.go:62.16,64.3 1 1
github.com/info344-s18/challenges-kwontae/servers/gateway/models/users/user.go:66.20,68.3 1 1
github.com/info344-s18/challenges-kwontae/servers/gateway/models/users/user.go:69.36,71.3 1 1
github.com/info344-s18/challenges-kwontae/servers/gateway/models/users/user.go:72.26,74.3 1 1
github.com/info344-s18/challenges-kwontae/servers/gateway/models/users/user.go:75.40,77.3 1 1
github.com/info344-s18/challenges-kwontae/servers/gateway/models/users/user.go:83.44,96.16 2 1
github.com/info344-s18/challenges-kwontae/servers/gateway/models/users/user.go:99.2,114.16 7 1
github.com/info344-s18/challenges-kwontae/servers/gateway/models/users/user.go:117.2,117.18 1 1
github.com/info344-s18/challenges-kwontae/servers/gateway/models/users/user.go:96.16,98.3 1 1
github.com/info344-s18/challenges-kwontae/servers/gateway/models/users/user.go:114.16,116.3 1 0
github.com/info344-s18/challenges-kwontae/servers/gateway/models/users/user.go:125.34,129.47 3 1
github.com/info344-s18/challenges-kwontae/servers/gateway/models/users/user.go:129.47,131.3 1 1
github.com/info344-s18/challenges-kwontae/servers/gateway/models/users/user.go:131.3,131.32 1 1
github.com/info344-s18/challenges-kwontae/servers/gateway/models/users/user.go:131.32,133.3 1 1
github.com/info344-s18/challenges-kwontae/servers/gateway/models/users/user.go:133.3,133.31 1 1
github.com/info344-s18/challenges-kwontae/servers/gateway/models/users/user.go:133.31,135.3 1 1
github.com/info344-s18/challenges-kwontae/servers/gateway/models/users/user.go:135.3,137.3 1 1
github.com/info344-s18/challenges-kwontae/servers/gateway/models/users/user.go:141.51,145.16 2 1
github.com/info344-s18/challenges-kwontae/servers/gateway/models/users/user.go:148.2,149.12 2 1
github.com/info344-s18/challenges-kwontae/servers/gateway/models/users/user.go:145.16,147.3 1 0
github.com/info344-s18/challenges-kwontae/servers/gateway/models/users/user.go:154.52,159.16 2 1
github.com/info344-s18/challenges-kwontae/servers/gateway/models/users/user.go:162.2,162.12 1 1
github.com/info344-s18/challenges-kwontae/servers/gateway/models/users/user.go:159.16,161.3 1 1
github.com/info344-s18/challenges-kwontae/servers/gateway/models/users/user.go:167.53,170.63 1 1
github.com/info344-s18/challenges-kwontae/servers/gateway/models/users/user.go:173.2,175.12 3 1
github.com/info344-s18/challenges-kwontae/servers/gateway/models/users/user.go:170.63,172.3 1 1
